[2021-01-29 00:15:17] local.ERROR: Target class [userController] does not exist. {"exception":"[object] (Illuminate\\Contracts\\Container\\BindingResolutionException(code: 0): Target class [userController] does not exist. at D:\\lizzi\\Documents\\Proyecto desarrollo\\FLORERIABE\\Floreria\\vendor\\laravel\\framework\\src\\Illuminate\\Container\\Container.php:832)
[stacktrace]
#0 D:\\lizzi\\Documents\\Proyecto desarrollo\\FLORERIABE\\Floreria\\vendor\\laravel\\framework\\src\\Illuminate\\Container\\Container.php(712): Illuminate\\Container\\Container->build('userController')
#1 D:\\lizzi\\Documents\\Proyecto desarrollo\\FLORERIABE\\Floreria\\vendor\\laravel\\framework\\src\\Illuminate\\Foundation\\Application.php(826): Illuminate\\Container\\Container->resolve('userController', Array, true)
#2 D:\\lizzi\\Documents\\Proyecto desarrollo\\FLORERIABE\\Floreria\\vendor\\laravel\\framework\\src\\Illuminate\\Container\\Container.php(651): Illuminate\\Foundation\\Application->resolve('userController', Array)
#3 D:\\lizzi\\Documents\\Proyecto desarrollo\\FLORERIABE\\Floreria\\vendor\\laravel\\framework\\src\\Illuminate\\Foundation\\Application.php(811): Illuminate\\Container\\Container->make('userController', Array)
#4 D:\\lizzi\\Documents\\Proyecto desarrollo\\FLORERIABE\\Floreria\\vendor\\laravel\\framework\\src\\Illuminate\\Routing\\Route.php(268): Illuminate\\Foundation\\Application->make('userController')
#5 D:\\lizzi\\Documents\\Proyecto desarrollo\\FLORERIABE\\Floreria\\vendor\\laravel\\framework\\src\\Illuminate\\Routing\\Route.php(989): Illuminate\\Routing\\Route->getController()
#6 D:\\lizzi\\Documents\\Proyecto desarrollo\\FLORERIABE\\Floreria\\vendor\\laravel\\framework\\src\\Illuminate\\Routing\\Route.php(950): Illuminate\\Routing\\Route->controllerMiddleware()
#7 D:\\lizzi\\Documents\\Proyecto desarrollo\\FLORERIABE\\Floreria\\vendor\\laravel\\framework\\src\\Illuminate\\Routing\\Router.php(710): Illuminate\\Routing\\Route->gatherMiddleware()
#8 D:\\lizzi\\Documents\\Proyecto desarrollo\\FLORERIABE\\Floreria\\vendor\\laravel\\framework\\src\\Illuminate\\Routing\\Router.php(686): Illuminate\\Routing\\Router->gatherRouteMiddleware(Object(Illuminate\\Routing\\Route))
#9 D:\\lizzi\\Documents\\Proyecto desarrollo\\FLORERIABE\\Floreria\\vendor\\laravel\\framework\\src\\Illuminate\\Routing\\Router.php(670): Illuminate\\Routing\\Router->runRouteWithinStack(Object(Illuminate\\Routing\\Route), Object(Illuminate\\Http\\Request))
#10 D:\\lizzi\\Documents\\Proyecto desarrollo\\FLORERIABE\\Floreria\\vendor\\laravel\\framework\\src\\Illuminate\\Routing\\Router.php(636): Illuminate\\Routing\\Router->runRoute(Object(Illuminate\\Http\\Request), Object(Illuminate\\Routing\\Route))
#11 D:\\lizzi\\Documents\\Proyecto desarrollo\\FLORERIABE\\Floreria\\vendor\\laravel\\framework\\src\\Illuminate\\Routing\\Router.php(625): Illuminate\\Routing\\Router->dispatchToRoute(Object(Illuminate\\Http\\Request))
#12 D:\\lizzi\\Documents\\Proyecto desarrollo\\FLORERIABE\\Floreria\\vendor\\laravel\\framework\\src\\Illuminate\\Foundation\\Http\\Kernel.php(166): Illuminate\\Routing\\Router->dispatch(Object(Illuminate\\Http\\Request))
#13 D:\\lizzi\\Documents\\Proyecto desarrollo\\FLORERIABE\\Floreria\\vendor\\laravel\\framework\\src\\Illuminate\\Pipeline\\Pipeline.php(128): Illuminate\\Foundation\\Http\\Kernel->Illuminate\\Foundation\\Http\\{closure}(Object(Illuminate\\Http\\Request))
#14 D:\\lizzi\\Documents\\Proyecto desarrollo\\FLORERIABE\\Floreria\\vendor\\laravel\\framework\\src\\Illuminate\\Foundation\\Http\\Middleware\\TransformsRequest.php(21): Illuminate\\Pipeline\\Pipeline->Illuminate\\Pipeline\\{closure}(Object(Illuminate\\Http\\Request))
#15 D:\\lizzi\\Documents\\Proyecto desarrollo\\FLORERIABE\\Floreria\\vendor\\laravel\\framework\\src\\Illuminate\\Pipeline\\Pipeline.php(167): Illuminate\\Foundation\\Http\\Middleware\\TransformsRequest->handle(Object(Illuminate\\Http\\Request), Object(Closure))
#16 D:\\lizzi\\Documents\\Proyecto desarrollo\\FLORERIABE\\Floreria\\vendor\\laravel\\framework\\src\\Illuminate\\Foundation\\Http\\Middleware\\TransformsRequest.php(21): Illuminate\\Pipeline\\Pipeline->Illuminate\\Pipeline\\{closure}(Object(Illuminate\\Http\\Request))
#17 D:\\lizzi\\Documents\\Proyecto desarrollo\\FLORERIABE\\Floreria\\vendor\\laravel\\framework\\src\\Illuminate\\Pipeline\\Pipeline.php(167): Illuminate\\Foundation\\Http\\Middleware\\TransformsRequest->handle(Object(Illuminate\\Http\\Request), Object(Closure))
#18 D:\\lizzi\\Documents\\Proyecto desarrollo\\FLORERIABE\\Floreria\\vendor\\laravel\\framework\\src\\Illuminate\\Foundation\\Http\\Middleware\\ValidatePostSize.php(27): Illuminate\\Pipeline\\Pipeline->Illuminate\\Pipeline\\{closure}(Object(Illuminate\\Http\\Request))
#19 D:\\lizzi\\Documents\\Proyecto desarrollo\\FLORERIABE\\Floreria\\vendor\\laravel\\framework\\src\\Illuminate\\Pipeline\\Pipeline.php(167): Illuminate\\Foundation\\Http\\Middleware\\ValidatePostSize->handle(Object(Illuminate\\Http\\Request), Object(Closure))
#20 D:\\lizzi\\Documents\\Proyecto desarrollo\\FLORERIABE\\Floreria\\vendor\\laravel\\framework\\src\\Illuminate\\Foundation\\Http\\Middleware\\PreventRequestsDuringMaintenance.php(86): Illuminate\\Pipeline\\Pipeline->Illuminate\\Pipeline\\{closure}(Object(Illuminate\\Http\\Request))
#21 D:\\lizzi\\Documents\\Proyecto desarrollo\\FLORERIABE\\Floreria\\vendor\\laravel\\framework\\src\\Illuminate\\Pipeline\\Pipeline.php(167): Illuminate\\Foundation\\Http\\Middleware\\PreventRequestsDuringMaintenance->handle(Object(Illuminate\\Http\\Request), Object(Closure))
#22 D:\\lizzi\\Documents\\Proyecto desarrollo\\FLORERIABE\\Floreria\\vendor\\fruitcake\\laravel-cors\\src\\HandleCors.php(57): Illuminate\\Pipeline\\Pipeline->Illuminate\\Pipeline\\{closure}(Object(Illuminate\\Http\\Request))
#23 D:\\lizzi\\Documents\\Proyecto desarrollo\\FLORERIABE\\Floreria\\vendor\\laravel\\framework\\src\\Illuminate\\Pipeline\\Pipeline.php(167): Fruitcake\\Cors\\HandleCors->handle(Object(Illuminate\\Http\\Request), Object(Closure))
#24 D:\\lizzi\\Documents\\Proyecto desarrollo\\FLORERIABE\\Floreria\\vendor\\fideloper\\proxy\\src\\TrustProxies.php(57): Illuminate\\Pipeline\\Pipeline->Illuminate\\Pipeline\\{closure}(Object(Illuminate\\Http\\Request))
#25 D:\\lizzi\\Documents\\Proyecto desarrollo\\FLORERIABE\\Floreria\\vendor\\laravel\\framework\\src\\Illuminate\\Pipeline\\Pipeline.php(167): Fideloper\\Proxy\\TrustProxies->handle(Object(Illuminate\\Http\\Request), Object(Closure))
#26 D:\\lizzi\\Documents\\Proyecto desarrollo\\FLORERIABE\\Floreria\\vendor\\laravel\\framework\\src\\Illuminate\\Pipeline\\Pipeline.php(103): Illuminate\\Pipeline\\Pipeline->Illuminate\\Pipeline\\{closure}(Object(Illuminate\\Http\\Request))
#27 D:\\lizzi\\Documents\\Proyecto desarrollo\\FLORERIABE\\Floreria\\vendor\\laravel\\framework\\src\\Illuminate\\Foundation\\Http\\Kernel.php(141): Illuminate\\Pipeline\\Pipeline->then(Object(Closure))
#28 D:\\lizzi\\Documents\\Proyecto desarrollo\\FLORERIABE\\Floreria\\vendor\\laravel\\framework\\src\\Illuminate\\Foundation\\Http\\Kernel.php(110): Illuminate\\Foundation\\Http\\Kernel->sendRequestThroughRouter(Object(Illuminate\\Http\\Request))
#29 D:\\lizzi\\Documents\\Proyecto desarrollo\\FLORERIABE\\Floreria\\public\\index.php(52): Illuminate\\Foundation\\Http\\Kernel->handle(Object(Illuminate\\Http\\Request))
#30 D:\\lizzi\\Documents\\Proyecto desarrollo\\FLORERIABE\\Floreria\\server.php(21): require_once('D:\\\\lizzi\\\\Docume...')
#31 {main}

[previous exception] [object] (ReflectionException(code: -1): Class userController does not exist at D:\\lizzi\\Documents\\Proyecto desarrollo\\FLORERIABE\\Floreria\\vendor\\laravel\\framework\\src\\Illuminate\\Container\\Container.php:830)
[stacktrace]
#0 D:\\lizzi\\Documents\\Proyecto desarrollo\\FLORERIABE\\Floreria\\vendor\\laravel\\framework\\src\\Illuminate\\Container\\Container.php(830): ReflectionClass->__construct('userController')
#1 D:\\lizzi\\Documents\\Proyecto desarrollo\\FLORERIABE\\Floreria\\vendor\\laravel\\framework\\src\\Illuminate\\Container\\Container.php(712): Illuminate\\Container\\Container->build('userController')
#2 D:\\lizzi\\Documents\\Proyecto desarrollo\\FLORERIABE\\Floreria\\vendor\\laravel\\framework\\src\\Illuminate\\Foundation\\Application.php(826): Illuminate\\Container\\Container->resolve('userController', Array, true)
#3 D:\\lizzi\\Documents\\Proyecto desarrollo\\FLORERIABE\\Floreria\\vendor\\laravel\\framework\\src\\Illuminate\\Container\\Container.php(651): Illuminate\\Foundation\\Application->resolve('userController', Array)
#4 D:\\lizzi\\Documents\\Proyecto desarrollo\\FLORERIABE\\Floreria\\vendor\\laravel\\framework\\src\\Illuminate\\Foundation\\Application.php(811): Illuminate\\Container\\Container->make('userController', Array)
#5 D:\\lizzi\\Documents\\Proyecto desarrollo\\FLORERIABE\\Floreria\\vendor\\laravel\\framework\\src\\Illuminate\\Routing\\Route.php(268): Illuminate\\Foundation\\Application->make('userController')
#6 D:\\lizzi\\Documents\\Proyecto desarrollo\\FLORERIABE\\Floreria\\vendor\\laravel\\framework\\src\\Illuminate\\Routing\\Route.php(989): Illuminate\\Routing\\Route->getController()
#7 D:\\lizzi\\Documents\\Proyecto desarrollo\\FLORERIABE\\Floreria\\vendor\\laravel\\framework\\src\\Illuminate\\Routing\\Route.php(950): Illuminate\\Routing\\Route->controllerMiddleware()
#8 D:\\lizzi\\Documents\\Proyecto desarrollo\\FLORERIABE\\Floreria\\vendor\\laravel\\framework\\src\\Illuminate\\Routing\\Router.php(710): Illuminate\\Routing\\Route->gatherMiddleware()
#9 D:\\lizzi\\Documents\\Proyecto desarrollo\\FLORERIABE\\Floreria\\vendor\\laravel\\framework\\src\\Illuminate\\Routing\\Router.php(686): Illuminate\\Routing\\Router->gatherRouteMiddleware(Object(Illuminate\\Routing\\Route))
#10 D:\\lizzi\\Documents\\Proyecto desarrollo\\FLORERIABE\\Floreria\\vendor\\laravel\\framework\\src\\Illuminate\\Routing\\Router.php(670): Illuminate\\Routing\\Router->runRouteWithinStack(Object(Illuminate\\Routing\\Route), Object(Illuminate\\Http\\Request))
#11 D:\\lizzi\\Documents\\Proyecto desarrollo\\FLORERIABE\\Floreria\\vendor\\laravel\\framework\\src\\Illuminate\\Routing\\Router.php(636): Illuminate\\Routing\\Router->runRoute(Object(Illuminate\\Http\\Request), Object(Illuminate\\Routing\\Route))
#12 D:\\lizzi\\Documents\\Proyecto desarrollo\\FLORERIABE\\Floreria\\vendor\\laravel\\framework\\src\\Illuminate\\Routing\\Router.php(625): Illuminate\\Routing\\Router->dispatchToRoute(Object(Illuminate\\Http\\Request))
#13 D:\\lizzi\\Documents\\Proyecto desarrollo\\FLORERIABE\\Floreria\\vendor\\laravel\\framework\\src\\Illuminate\\Foundation\\Http\\Kernel.php(166): Illuminate\\Routing\\Router->dispatch(Object(Illuminate\\Http\\Request))
#14 D:\\lizzi\\Documents\\Proyecto desarrollo\\FLORERIABE\\Floreria\\vendor\\laravel\\framework\\src\\Illuminate\\Pipeline\\Pipeline.php(128): Illuminate\\Foundation\\Http\\Kernel->Illuminate\\Foundation\\Http\\{closure}(Object(Illuminate\\Http\\Request))
#15 D:\\lizzi\\Documents\\Proyecto desarrollo\\FLORERIABE\\Floreria\\vendor\\laravel\\framework\\src\\Illuminate\\Foundation\\Http\\Middleware\\TransformsRequest.php(21): Illuminate\\Pipeline\\Pipeline->Illuminate\\Pipeline\\{closure}(Object(Illuminate\\Http\\Request))
#16 D:\\lizzi\\Documents\\Proyecto desarrollo\\FLORERIABE\\Floreria\\vendor\\laravel\\framework\\src\\Illuminate\\Pipeline\\Pipeline.php(167): Illuminate\\Foundation\\Http\\Middleware\\TransformsRequest->handle(Object(Illuminate\\Http\\Request), Object(Closure))
#17 D:\\lizzi\\Documents\\Proyecto desarrollo\\FLORERIABE\\Floreria\\vendor\\laravel\\framework\\src\\Illuminate\\Foundation\\Http\\Middleware\\TransformsRequest.php(21): Illuminate\\Pipeline\\Pipeline->Illuminate\\Pipeline\\{closure}(Object(Illuminate\\Http\\Request))
#18 D:\\lizzi\\Documents\\Proyecto desarrollo\\FLORERIABE\\Floreria\\vendor\\laravel\\framework\\src\\Illuminate\\Pipeline\\Pipeline.php(167): Illuminate\\Foundation\\Http\\Middleware\\TransformsRequest->handle(Object(Illuminate\\Http\\Request), Object(Closure))
#19 D:\\lizzi\\Documents\\Proyecto desarrollo\\FLORERIABE\\Floreria\\vendor\\laravel\\framework\\src\\Illuminate\\Foundation\\Http\\Middleware\\ValidatePostSize.php(27): Illuminate\\Pipeline\\Pipeline->Illuminate\\Pipeline\\{closure}(Object(Illuminate\\Http\\Request))
#20 D:\\lizzi\\Documents\\Proyecto desarrollo\\FLORERIABE\\Floreria\\vendor\\laravel\\framework\\src\\Illuminate\\Pipeline\\Pipeline.php(167): Illuminate\\Foundation\\Http\\Middleware\\ValidatePostSize->handle(Object(Illuminate\\Http\\Request), Object(Closure))
#21 D:\\lizzi\\Documents\\Proyecto desarrollo\\FLORERIABE\\Floreria\\vendor\\laravel\\framework\\src\\Illuminate\\Foundation\\Http\\Middleware\\PreventRequestsDuringMaintenance.php(86): Illuminate\\Pipeline\\Pipeline->Illuminate\\Pipeline\\{closure}(Object(Illuminate\\Http\\Request))
#22 D:\\lizzi\\Documents\\Proyecto desarrollo\\FLORERIABE\\Floreria\\vendor\\laravel\\framework\\src\\Illuminate\\Pipeline\\Pipeline.php(167): Illuminate\\Foundation\\Http\\Middleware\\PreventRequestsDuringMaintenance->handle(Object(Illuminate\\Http\\Request), Object(Closure))
#23 D:\\lizzi\\Documents\\Proyecto desarrollo\\FLORERIABE\\Floreria\\vendor\\fruitcake\\laravel-cors\\src\\HandleCors.php(57): Illuminate\\Pipeline\\Pipeline->Illuminate\\Pipeline\\{closure}(Object(Illuminate\\Http\\Request))
#24 D:\\lizzi\\Documents\\Proyecto desarrollo\\FLORERIABE\\Floreria\\vendor\\laravel\\framework\\src\\Illuminate\\Pipeline\\Pipeline.php(167): Fruitcake\\Cors\\HandleCors->handle(Object(Illuminate\\Http\\Request), Object(Closure))
#25 D:\\lizzi\\Documents\\Proyecto desarrollo\\FLORERIABE\\Floreria\\vendor\\fideloper\\proxy\\src\\TrustProxies.php(57): Illuminate\\Pipeline\\Pipeline->Illuminate\\Pipeline\\{closure}(Object(Illuminate\\Http\\Request))
#26 D:\\lizzi\\Documents\\Proyecto desarrollo\\FLORERIABE\\Floreria\\vendor\\laravel\\framework\\src\\Illuminate\\Pipeline\\Pipeline.php(167): Fideloper\\Proxy\\TrustProxies->handle(Object(Illuminate\\Http\\Request), Object(Closure))
#27 D:\\lizzi\\Documents\\Proyecto desarrollo\\FLORERIABE\\Floreria\\vendor\\laravel\\framework\\src\\Illuminate\\Pipeline\\Pipeline.php(103): Illuminate\\Pipeline\\Pipeline->Illuminate\\Pipeline\\{closure}(Object(Illuminate\\Http\\Request))
#28 D:\\lizzi\\Documents\\Proyecto desarrollo\\FLORERIABE\\Floreria\\vendor\\laravel\\framework\\src\\Illuminate\\Foundation\\Http\\Kernel.php(141): Illuminate\\Pipeline\\Pipeline->then(Object(Closure))
#29 D:\\lizzi\\Documents\\Proyecto desarrollo\\FLORERIABE\\Floreria\\vendor\\laravel\\framework\\src\\Illuminate\\Foundation\\Http\\Kernel.php(110): Illuminate\\Foundation\\Http\\Kernel->sendRequestThroughRouter(Object(Illuminate\\Http\\Request))
#30 D:\\lizzi\\Documents\\Proyecto desarrollo\\FLORERIABE\\Floreria\\public\\index.php(52): Illuminate\\Foundation\\Http\\Kernel->handle(Object(Illuminate\\Http\\Request))
#31 D:\\lizzi\\Documents\\Proyecto desarrollo\\FLORERIABE\\Floreria\\server.php(21): require_once('D:\\\\lizzi\\\\Docume...')
#32 {main}
"} 
[2021-01-29 00:18:54] local.ERROR: Target class [userController] does not exist. {"exception":"[object] (Illuminate\\Contracts\\Container\\BindingResolutionException(code: 0): Target class [userController] does not exist. at D:\\lizzi\\Documents\\Proyecto desarrollo\\FLORERIABE\\Floreria\\vendor\\laravel\\framework\\src\\Illuminate\\Container\\Container.php:832)
[stacktrace]
#0 D:\\lizzi\\Documents\\Proyecto desarrollo\\FLORERIABE\\Floreria\\vendor\\laravel\\framework\\src\\Illuminate\\Container\\Container.php(712): Illuminate\\Container\\Container->build('userController')
#1 D:\\lizzi\\Documents\\Proyecto desarrollo\\FLORERIABE\\Floreria\\vendor\\laravel\\framework\\src\\Illuminate\\Foundation\\Application.php(826): Illuminate\\Container\\Container->resolve('userController', Array, true)
#2 D:\\lizzi\\Documents\\Proyecto desarrollo\\FLORERIABE\\Floreria\\vendor\\laravel\\framework\\src\\Illuminate\\Container\\Container.php(651): Illuminate\\Foundation\\Application->resolve('userController', Array)
#3 D:\\lizzi\\Documents\\Proyecto desarrollo\\FLORERIABE\\Floreria\\vendor\\laravel\\framework\\src\\Illuminate\\Foundation\\Application.php(811): Illuminate\\Container\\Container->make('userController', Array)
#4 D:\\lizzi\\Documents\\Proyecto desarrollo\\FLORERIABE\\Floreria\\vendor\\laravel\\framework\\src\\Illuminate\\Routing\\Route.php(268): Illuminate\\Foundation\\Application->make('userController')
#5 D:\\lizzi\\Documents\\Proyecto desarrollo\\FLORERIABE\\Floreria\\vendor\\laravel\\framework\\src\\Illuminate\\Routing\\Route.php(989): Illuminate\\Routing\\Route->getController()
#6 D:\\lizzi\\Documents\\Proyecto desarrollo\\FLORERIABE\\Floreria\\vendor\\laravel\\framework\\src\\Illuminate\\Routing\\Route.php(950): Illuminate\\Routing\\Route->controllerMiddleware()
#7 D:\\lizzi\\Documents\\Proyecto desarrollo\\FLORERIABE\\Floreria\\vendor\\laravel\\framework\\src\\Illuminate\\Routing\\Router.php(710): Illuminate\\Routing\\Route->gatherMiddleware()
#8 D:\\lizzi\\Documents\\Proyecto desarrollo\\FLORERIABE\\Floreria\\vendor\\laravel\\framework\\src\\Illuminate\\Routing\\Router.php(686): Illuminate\\Routing\\Router->gatherRouteMiddleware(Object(Illuminate\\Routing\\Route))
#9 D:\\lizzi\\Documents\\Proyecto desarrollo\\FLORERIABE\\Floreria\\vendor\\laravel\\framework\\src\\Illuminate\\Routing\\Router.php(670): Illuminate\\Routing\\Router->runRouteWithinStack(Object(Illuminate\\Routing\\Route), Object(Illuminate\\Http\\Request))
#10 D:\\lizzi\\Documents\\Proyecto desarrollo\\FLORERIABE\\Floreria\\vendor\\laravel\\framework\\src\\Illuminate\\Routing\\Router.php(636): Illuminate\\Routing\\Router->runRoute(Object(Illuminate\\Http\\Request), Object(Illuminate\\Routing\\Route))
#11 D:\\lizzi\\Documents\\Proyecto desarrollo\\FLORERIABE\\Floreria\\vendor\\laravel\\framework\\src\\Illuminate\\Routing\\Router.php(625): Illuminate\\Routing\\Router->dispatchToRoute(Object(Illuminate\\Http\\Request))
#12 D:\\lizzi\\Documents\\Proyecto desarrollo\\FLORERIABE\\Floreria\\vendor\\laravel\\framework\\src\\Illuminate\\Foundation\\Http\\Kernel.php(166): Illuminate\\Routing\\Router->dispatch(Object(Illuminate\\Http\\Request))
#13 D:\\lizzi\\Documents\\Proyecto desarrollo\\FLORERIABE\\Floreria\\vendor\\laravel\\framework\\src\\Illuminate\\Pipeline\\Pipeline.php(128): Illuminate\\Foundation\\Http\\Kernel->Illuminate\\Foundation\\Http\\{closure}(Object(Illuminate\\Http\\Request))
#14 D:\\lizzi\\Documents\\Proyecto desarrollo\\FLORERIABE\\Floreria\\vendor\\laravel\\framework\\src\\Illuminate\\Foundation\\Http\\Middleware\\TransformsRequest.php(21): Illuminate\\Pipeline\\Pipeline->Illuminate\\Pipeline\\{closure}(Object(Illuminate\\Http\\Request))
#15 D:\\lizzi\\Documents\\Proyecto desarrollo\\FLORERIABE\\Floreria\\vendor\\laravel\\framework\\src\\Illuminate\\Pipeline\\Pipeline.php(167): Illuminate\\Foundation\\Http\\Middleware\\TransformsRequest->handle(Object(Illuminate\\Http\\Request), Object(Closure))
#16 D:\\lizzi\\Documents\\Proyecto desarrollo\\FLORERIABE\\Floreria\\vendor\\laravel\\framework\\src\\Illuminate\\Foundation\\Http\\Middleware\\TransformsRequest.php(21): Illuminate\\Pipeline\\Pipeline->Illuminate\\Pipeline\\{closure}(Object(Illuminate\\Http\\Request))
#17 D:\\lizzi\\Documents\\Proyecto desarrollo\\FLORERIABE\\Floreria\\vendor\\laravel\\framework\\src\\Illuminate\\Pipeline\\Pipeline.php(167): Illuminate\\Foundation\\Http\\Middleware\\TransformsRequest->handle(Object(Illuminate\\Http\\Request), Object(Closure))
#18 D:\\lizzi\\Documents\\Proyecto desarrollo\\FLORERIABE\\Floreria\\vendor\\laravel\\framework\\src\\Illuminate\\Foundation\\Http\\Middleware\\ValidatePostSize.php(27): Illuminate\\Pipeline\\Pipeline->Illuminate\\Pipeline\\{closure}(Object(Illuminate\\Http\\Request))
#19 D:\\lizzi\\Documents\\Proyecto desarrollo\\FLORERIABE\\Floreria\\vendor\\laravel\\framework\\src\\Illuminate\\Pipeline\\Pipeline.php(167): Illuminate\\Foundation\\Http\\Middleware\\ValidatePostSize->handle(Object(Illuminate\\Http\\Request), Object(Closure))
#20 D:\\lizzi\\Documents\\Proyecto desarrollo\\FLORERIABE\\Floreria\\vendor\\laravel\\framework\\src\\Illuminate\\Foundation\\Http\\Middleware\\PreventRequestsDuringMaintenance.php(86): Illuminate\\Pipeline\\Pipeline->Illuminate\\Pipeline\\{closure}(Object(Illuminate\\Http\\Request))
#21 D:\\lizzi\\Documents\\Proyecto desarrollo\\FLORERIABE\\Floreria\\vendor\\laravel\\framework\\src\\Illuminate\\Pipeline\\Pipeline.php(167): Illuminate\\Foundation\\Http\\Middleware\\PreventRequestsDuringMaintenance->handle(Object(Illuminate\\Http\\Request), Object(Closure))
#22 D:\\lizzi\\Documents\\Proyecto desarrollo\\FLORERIABE\\Floreria\\vendor\\fruitcake\\laravel-cors\\src\\HandleCors.php(57): Illuminate\\Pipeline\\Pipeline->Illuminate\\Pipeline\\{closure}(Object(Illuminate\\Http\\Request))
#23 D:\\lizzi\\Documents\\Proyecto desarrollo\\FLORERIABE\\Floreria\\vendor\\laravel\\framework\\src\\Illuminate\\Pipeline\\Pipeline.php(167): Fruitcake\\Cors\\HandleCors->handle(Object(Illuminate\\Http\\Request), Object(Closure))
#24 D:\\lizzi\\Documents\\Proyecto desarrollo\\FLORERIABE\\Floreria\\vendor\\fideloper\\proxy\\src\\TrustProxies.php(57): Illuminate\\Pipeline\\Pipeline->Illuminate\\Pipeline\\{closure}(Object(Illuminate\\Http\\Request))
#25 D:\\lizzi\\Documents\\Proyecto desarrollo\\FLORERIABE\\Floreria\\vendor\\laravel\\framework\\src\\Illuminate\\Pipeline\\Pipeline.php(167): Fideloper\\Proxy\\TrustProxies->handle(Object(Illuminate\\Http\\Request), Object(Closure))
#26 D:\\lizzi\\Documents\\Proyecto desarrollo\\FLORERIABE\\Floreria\\vendor\\laravel\\framework\\src\\Illuminate\\Pipeline\\Pipeline.php(103): Illuminate\\Pipeline\\Pipeline->Illuminate\\Pipeline\\{closure}(Object(Illuminate\\Http\\Request))
#27 D:\\lizzi\\Documents\\Proyecto desarrollo\\FLORERIABE\\Floreria\\vendor\\laravel\\framework\\src\\Illuminate\\Foundation\\Http\\Kernel.php(141): Illuminate\\Pipeline\\Pipeline->then(Object(Closure))
#28 D:\\lizzi\\Documents\\Proyecto desarrollo\\FLORERIABE\\Floreria\\vendor\\laravel\\framework\\src\\Illuminate\\Foundation\\Http\\Kernel.php(110): Illuminate\\Foundation\\Http\\Kernel->sendRequestThroughRouter(Object(Illuminate\\Http\\Request))
#29 D:\\lizzi\\Documents\\Proyecto desarrollo\\FLORERIABE\\Floreria\\public\\index.php(52): Illuminate\\Foundation\\Http\\Kernel->handle(Object(Illuminate\\Http\\Request))
#30 D:\\lizzi\\Documents\\Proyecto desarrollo\\FLORERIABE\\Floreria\\server.php(21): require_once('D:\\\\lizzi\\\\Docume...')
#31 {main}

[previous exception] [object] (ReflectionException(code: -1): Class userController does not exist at D:\\lizzi\\Documents\\Proyecto desarrollo\\FLORERIABE\\Floreria\\vendor\\laravel\\framework\\src\\Illuminate\\Container\\Container.php:830)
[stacktrace]
#0 D:\\lizzi\\Documents\\Proyecto desarrollo\\FLORERIABE\\Floreria\\vendor\\laravel\\framework\\src\\Illuminate\\Container\\Container.php(830): ReflectionClass->__construct('userController')
#1 D:\\lizzi\\Documents\\Proyecto desarrollo\\FLORERIABE\\Floreria\\vendor\\laravel\\framework\\src\\Illuminate\\Container\\Container.php(712): Illuminate\\Container\\Container->build('userController')
#2 D:\\lizzi\\Documents\\Proyecto desarrollo\\FLORERIABE\\Floreria\\vendor\\laravel\\framework\\src\\Illuminate\\Foundation\\Application.php(826): Illuminate\\Container\\Container->resolve('userController', Array, true)
#3 D:\\lizzi\\Documents\\Proyecto desarrollo\\FLORERIABE\\Floreria\\vendor\\laravel\\framework\\src\\Illuminate\\Container\\Container.php(651): Illuminate\\Foundation\\Application->resolve('userController', Array)
#4 D:\\lizzi\\Documents\\Proyecto desarrollo\\FLORERIABE\\Floreria\\vendor\\laravel\\framework\\src\\Illuminate\\Foundation\\Application.php(811): Illuminate\\Container\\Container->make('userController', Array)
#5 D:\\lizzi\\Documents\\Proyecto desarrollo\\FLORERIABE\\Floreria\\vendor\\laravel\\framework\\src\\Illuminate\\Routing\\Route.php(268): Illuminate\\Foundation\\Application->make('userController')
#6 D:\\lizzi\\Documents\\Proyecto desarrollo\\FLORERIABE\\Floreria\\vendor\\laravel\\framework\\src\\Illuminate\\Routing\\Route.php(989): Illuminate\\Routing\\Route->getController()
#7 D:\\lizzi\\Documents\\Proyecto desarrollo\\FLORERIABE\\Floreria\\vendor\\laravel\\framework\\src\\Illuminate\\Routing\\Route.php(950): Illuminate\\Routing\\Route->controllerMiddleware()
#8 D:\\lizzi\\Documents\\Proyecto desarrollo\\FLORERIABE\\Floreria\\vendor\\laravel\\framework\\src\\Illuminate\\Routing\\Router.php(710): Illuminate\\Routing\\Route->gatherMiddleware()
#9 D:\\lizzi\\Documents\\Proyecto desarrollo\\FLORERIABE\\Floreria\\vendor\\laravel\\framework\\src\\Illuminate\\Routing\\Router.php(686): Illuminate\\Routing\\Router->gatherRouteMiddleware(Object(Illuminate\\Routing\\Route))
#10 D:\\lizzi\\Documents\\Proyecto desarrollo\\FLORERIABE\\Floreria\\vendor\\laravel\\framework\\src\\Illuminate\\Routing\\Router.php(670): Illuminate\\Routing\\Router->runRouteWithinStack(Object(Illuminate\\Routing\\Route), Object(Illuminate\\Http\\Request))
#11 D:\\lizzi\\Documents\\Proyecto desarrollo\\FLORERIABE\\Floreria\\vendor\\laravel\\framework\\src\\Illuminate\\Routing\\Router.php(636): Illuminate\\Routing\\Router->runRoute(Object(Illuminate\\Http\\Request), Object(Illuminate\\Routing\\Route))
#12 D:\\lizzi\\Documents\\Proyecto desarrollo\\FLORERIABE\\Floreria\\vendor\\laravel\\framework\\src\\Illuminate\\Routing\\Router.php(625): Illuminate\\Routing\\Router->dispatchToRoute(Object(Illuminate\\Http\\Request))
#13 D:\\lizzi\\Documents\\Proyecto desarrollo\\FLORERIABE\\Floreria\\vendor\\laravel\\framework\\src\\Illuminate\\Foundation\\Http\\Kernel.php(166): Illuminate\\Routing\\Router->dispatch(Object(Illuminate\\Http\\Request))
#14 D:\\lizzi\\Documents\\Proyecto desarrollo\\FLORERIABE\\Floreria\\vendor\\laravel\\framework\\src\\Illuminate\\Pipeline\\Pipeline.php(128): Illuminate\\Foundation\\Http\\Kernel->Illuminate\\Foundation\\Http\\{closure}(Object(Illuminate\\Http\\Request))
#15 D:\\lizzi\\Documents\\Proyecto desarrollo\\FLORERIABE\\Floreria\\vendor\\laravel\\framework\\src\\Illuminate\\Foundation\\Http\\Middleware\\TransformsRequest.php(21): Illuminate\\Pipeline\\Pipeline->Illuminate\\Pipeline\\{closure}(Object(Illuminate\\Http\\Request))
#16 D:\\lizzi\\Documents\\Proyecto desarrollo\\FLORERIABE\\Floreria\\vendor\\laravel\\framework\\src\\Illuminate\\Pipeline\\Pipeline.php(167): Illuminate\\Foundation\\Http\\Middleware\\TransformsRequest->handle(Object(Illuminate\\Http\\Request), Object(Closure))
#17 D:\\lizzi\\Documents\\Proyecto desarrollo\\FLORERIABE\\Floreria\\vendor\\laravel\\framework\\src\\Illuminate\\Foundation\\Http\\Middleware\\TransformsRequest.php(21): Illuminate\\Pipeline\\Pipeline->Illuminate\\Pipeline\\{closure}(Object(Illuminate\\Http\\Request))
#18 D:\\lizzi\\Documents\\Proyecto desarrollo\\FLORERIABE\\Floreria\\vendor\\laravel\\framework\\src\\Illuminate\\Pipeline\\Pipeline.php(167): Illuminate\\Foundation\\Http\\Middleware\\TransformsRequest->handle(Object(Illuminate\\Http\\Request), Object(Closure))
#19 D:\\lizzi\\Documents\\Proyecto desarrollo\\FLORERIABE\\Floreria\\vendor\\laravel\\framework\\src\\Illuminate\\Foundation\\Http\\Middleware\\ValidatePostSize.php(27): Illuminate\\Pipeline\\Pipeline->Illuminate\\Pipeline\\{closure}(Object(Illuminate\\Http\\Request))
#20 D:\\lizzi\\Documents\\Proyecto desarrollo\\FLORERIABE\\Floreria\\vendor\\laravel\\framework\\src\\Illuminate\\Pipeline\\Pipeline.php(167): Illuminate\\Foundation\\Http\\Middleware\\ValidatePostSize->handle(Object(Illuminate\\Http\\Request), Object(Closure))
#21 D:\\lizzi\\Documents\\Proyecto desarrollo\\FLORERIABE\\Floreria\\vendor\\laravel\\framework\\src\\Illuminate\\Foundation\\Http\\Middleware\\PreventRequestsDuringMaintenance.php(86): Illuminate\\Pipeline\\Pipeline->Illuminate\\Pipeline\\{closure}(Object(Illuminate\\Http\\Request))
#22 D:\\lizzi\\Documents\\Proyecto desarrollo\\FLORERIABE\\Floreria\\vendor\\laravel\\framework\\src\\Illuminate\\Pipeline\\Pipeline.php(167): Illuminate\\Foundation\\Http\\Middleware\\PreventRequestsDuringMaintenance->handle(Object(Illuminate\\Http\\Request), Object(Closure))
#23 D:\\lizzi\\Documents\\Proyecto desarrollo\\FLORERIABE\\Floreria\\vendor\\fruitcake\\laravel-cors\\src\\HandleCors.php(57): Illuminate\\Pipeline\\Pipeline->Illuminate\\Pipeline\\{closure}(Object(Illuminate\\Http\\Request))
#24 D:\\lizzi\\Documents\\Proyecto desarrollo\\FLORERIABE\\Floreria\\vendor\\laravel\\framework\\src\\Illuminate\\Pipeline\\Pipeline.php(167): Fruitcake\\Cors\\HandleCors->handle(Object(Illuminate\\Http\\Request), Object(Closure))
#25 D:\\lizzi\\Documents\\Proyecto desarrollo\\FLORERIABE\\Floreria\\vendor\\fideloper\\proxy\\src\\TrustProxies.php(57): Illuminate\\Pipeline\\Pipeline->Illuminate\\Pipeline\\{closure}(Object(Illuminate\\Http\\Request))
#26 D:\\lizzi\\Documents\\Proyecto desarrollo\\FLORERIABE\\Floreria\\vendor\\laravel\\framework\\src\\Illuminate\\Pipeline\\Pipeline.php(167): Fideloper\\Proxy\\TrustProxies->handle(Object(Illuminate\\Http\\Request), Object(Closure))
#27 D:\\lizzi\\Documents\\Proyecto desarrollo\\FLORERIABE\\Floreria\\vendor\\laravel\\framework\\src\\Illuminate\\Pipeline\\Pipeline.php(103): Illuminate\\Pipeline\\Pipeline->Illuminate\\Pipeline\\{closure}(Object(Illuminate\\Http\\Request))
#28 D:\\lizzi\\Documents\\Proyecto desarrollo\\FLORERIABE\\Floreria\\vendor\\laravel\\framework\\src\\Illuminate\\Foundation\\Http\\Kernel.php(141): Illuminate\\Pipeline\\Pipeline->then(Object(Closure))
#29 D:\\lizzi\\Documents\\Proyecto desarrollo\\FLORERIABE\\Floreria\\vendor\\laravel\\framework\\src\\Illuminate\\Foundation\\Http\\Kernel.php(110): Illuminate\\Foundation\\Http\\Kernel->sendRequestThroughRouter(Object(Illuminate\\Http\\Request))
#30 D:\\lizzi\\Documents\\Proyecto desarrollo\\FLORERIABE\\Floreria\\public\\index.php(52): Illuminate\\Foundation\\Http\\Kernel->handle(Object(Illuminate\\Http\\Request))
#31 D:\\lizzi\\Documents\\Proyecto desarrollo\\FLORERIABE\\Floreria\\server.php(21): require_once('D:\\\\lizzi\\\\Docume...')
#32 {main}
"} 
[2021-01-29 00:33:15] local.ERROR: Target class [userController] does not exist. {"exception":"[object] (Illuminate\\Contracts\\Container\\BindingResolutionException(code: 0): Target class [userController] does not exist. at D:\\lizzi\\Documents\\Proyecto desarrollo\\FLORERIABE\\Floreria\\vendor\\laravel\\framework\\src\\Illuminate\\Container\\Container.php:832)
[stacktrace]
#0 D:\\lizzi\\Documents\\Proyecto desarrollo\\FLORERIABE\\Floreria\\vendor\\laravel\\framework\\src\\Illuminate\\Container\\Container.php(712): Illuminate\\Container\\Container->build('userController')
#1 D:\\lizzi\\Documents\\Proyecto desarrollo\\FLORERIABE\\Floreria\\vendor\\laravel\\framework\\src\\Illuminate\\Foundation\\Application.php(826): Illuminate\\Container\\Container->resolve('userController', Array, true)
#2 D:\\lizzi\\Documents\\Proyecto desarrollo\\FLORERIABE\\Floreria\\vendor\\laravel\\framework\\src\\Illuminate\\Container\\Container.php(651): Illuminate\\Foundation\\Application->resolve('userController', Array)
#3 D:\\lizzi\\Documents\\Proyecto desarrollo\\FLORERIABE\\Floreria\\vendor\\laravel\\framework\\src\\Illuminate\\Foundation\\Application.php(811): Illuminate\\Container\\Container->make('userController', Array)
#4 D:\\lizzi\\Documents\\Proyecto desarrollo\\FLORERIABE\\Floreria\\vendor\\laravel\\framework\\src\\Illuminate\\Routing\\Route.php(268): Illuminate\\Foundation\\Application->make('userController')
#5 D:\\lizzi\\Documents\\Proyecto desarrollo\\FLORERIABE\\Floreria\\vendor\\laravel\\framework\\src\\Illuminate\\Routing\\Route.php(989): Illuminate\\Routing\\Route->getController()
#6 D:\\lizzi\\Documents\\Proyecto desarrollo\\FLORERIABE\\Floreria\\vendor\\laravel\\framework\\src\\Illuminate\\Routing\\Route.php(950): Illuminate\\Routing\\Route->controllerMiddleware()
#7 D:\\lizzi\\Documents\\Proyecto desarrollo\\FLORERIABE\\Floreria\\vendor\\laravel\\framework\\src\\Illuminate\\Routing\\Router.php(710): Illuminate\\Routing\\Route->gatherMiddleware()
#8 D:\\lizzi\\Documents\\Proyecto desarrollo\\FLORERIABE\\Floreria\\vendor\\laravel\\framework\\src\\Illuminate\\Routing\\Router.php(686): Illuminate\\Routing\\Router->gatherRouteMiddleware(Object(Illuminate\\Routing\\Route))
#9 D:\\lizzi\\Documents\\Proyecto desarrollo\\FLORERIABE\\Floreria\\vendor\\laravel\\framework\\src\\Illuminate\\Routing\\Router.php(670): Illuminate\\Routing\\Router->runRouteWithinStack(Object(Illuminate\\Routing\\Route), Object(Illuminate\\Http\\Request))
#10 D:\\lizzi\\Documents\\Proyecto desarrollo\\FLORERIABE\\Floreria\\vendor\\laravel\\framework\\src\\Illuminate\\Routing\\Router.php(636): Illuminate\\Routing\\Router->runRoute(Object(Illuminate\\Http\\Request), Object(Illuminate\\Routing\\Route))
#11 D:\\lizzi\\Documents\\Proyecto desarrollo\\FLORERIABE\\Floreria\\vendor\\laravel\\framework\\src\\Illuminate\\Routing\\Router.php(625): Illuminate\\Routing\\Router->dispatchToRoute(Object(Illuminate\\Http\\Request))
#12 D:\\lizzi\\Documents\\Proyecto desarrollo\\FLORERIABE\\Floreria\\vendor\\laravel\\framework\\src\\Illuminate\\Foundation\\Http\\Kernel.php(166): Illuminate\\Routing\\Router->dispatch(Object(Illuminate\\Http\\Request))
#13 D:\\lizzi\\Documents\\Proyecto desarrollo\\FLORERIABE\\Floreria\\vendor\\laravel\\framework\\src\\Illuminate\\Pipeline\\Pipeline.php(128): Illuminate\\Foundation\\Http\\Kernel->Illuminate\\Foundation\\Http\\{closure}(Object(Illuminate\\Http\\Request))
#14 D:\\lizzi\\Documents\\Proyecto desarrollo\\FLORERIABE\\Floreria\\app\\Http\\Middleware\\cors.php(19): Illuminate\\Pipeline\\Pipeline->Illuminate\\Pipeline\\{closure}(Object(Illuminate\\Http\\Request))
#15 D:\\lizzi\\Documents\\Proyecto desarrollo\\FLORERIABE\\Floreria\\vendor\\laravel\\framework\\src\\Illuminate\\Pipeline\\Pipeline.php(167): App\\Http\\Middleware\\cors->handle(Object(Illuminate\\Http\\Request), Object(Closure))
#16 D:\\lizzi\\Documents\\Proyecto desarrollo\\FLORERIABE\\Floreria\\vendor\\laravel\\framework\\src\\Illuminate\\Foundation\\Http\\Middleware\\TransformsRequest.php(21): Illuminate\\Pipeline\\Pipeline->Illuminate\\Pipeline\\{closure}(Object(Illuminate\\Http\\Request))
#17 D:\\lizzi\\Documents\\Proyecto desarrollo\\FLORERIABE\\Floreria\\vendor\\laravel\\framework\\src\\Illuminate\\Pipeline\\Pipeline.php(167): Illuminate\\Foundation\\Http\\Middleware\\TransformsRequest->handle(Object(Illuminate\\Http\\Request), Object(Closure))
#18 D:\\lizzi\\Documents\\Proyecto desarrollo\\FLORERIABE\\Floreria\\vendor\\laravel\\framework\\src\\Illuminate\\Foundation\\Http\\Middleware\\TransformsRequest.php(21): Illuminate\\Pipeline\\Pipeline->Illuminate\\Pipeline\\{closure}(Object(Illuminate\\Http\\Request))
#19 D:\\lizzi\\Documents\\Proyecto desarrollo\\FLORERIABE\\Floreria\\vendor\\laravel\\framework\\src\\Illuminate\\Pipeline\\Pipeline.php(167): Illuminate\\Foundation\\Http\\Middleware\\TransformsRequest->handle(Object(Illuminate\\Http\\Request), Object(Closure))
#20 D:\\lizzi\\Documents\\Proyecto desarrollo\\FLORERIABE\\Floreria\\vendor\\laravel\\framework\\src\\Illuminate\\Foundation\\Http\\Middleware\\ValidatePostSize.php(27): Illuminate\\Pipeline\\Pipeline->Illuminate\\Pipeline\\{closure}(Object(Illuminate\\Http\\Request))
#21 D:\\lizzi\\Documents\\Proyecto desarrollo\\FLORERIABE\\Floreria\\vendor\\laravel\\framework\\src\\Illuminate\\Pipeline\\Pipeline.php(167): Illuminate\\Foundation\\Http\\Middleware\\ValidatePostSize->handle(Object(Illuminate\\Http\\Request), Object(Closure))
#22 D:\\lizzi\\Documents\\Proyecto desarrollo\\FLORERIABE\\Floreria\\vendor\\laravel\\framework\\src\\Illuminate\\Foundation\\Http\\Middleware\\PreventRequestsDuringMaintenance.php(86): Illuminate\\Pipeline\\Pipeline->Illuminate\\Pipeline\\{closure}(Object(Illuminate\\Http\\Request))
#23 D:\\lizzi\\Documents\\Proyecto desarrollo\\FLORERIABE\\Floreria\\vendor\\laravel\\framework\\src\\Illuminate\\Pipeline\\Pipeline.php(167): Illuminate\\Foundation\\Http\\Middleware\\PreventRequestsDuringMaintenance->handle(Object(Illuminate\\Http\\Request), Object(Closure))
#24 D:\\lizzi\\Documents\\Proyecto desarrollo\\FLORERIABE\\Floreria\\vendor\\fruitcake\\laravel-cors\\src\\HandleCors.php(57): Illuminate\\Pipeline\\Pipeline->Illuminate\\Pipeline\\{closure}(Object(Illuminate\\Http\\Request))
#25 D:\\lizzi\\Documents\\Proyecto desarrollo\\FLORERIABE\\Floreria\\vendor\\laravel\\framework\\src\\Illuminate\\Pipeline\\Pipeline.php(167): Fruitcake\\Cors\\HandleCors->handle(Object(Illuminate\\Http\\Request), Object(Closure))
#26 D:\\lizzi\\Documents\\Proyecto desarrollo\\FLORERIABE\\Floreria\\vendor\\fideloper\\proxy\\src\\TrustProxies.php(57): Illuminate\\Pipeline\\Pipeline->Illuminate\\Pipeline\\{closure}(Object(Illuminate\\Http\\Request))
#27 D:\\lizzi\\Documents\\Proyecto desarrollo\\FLORERIABE\\Floreria\\vendor\\laravel\\framework\\src\\Illuminate\\Pipeline\\Pipeline.php(167): Fideloper\\Proxy\\TrustProxies->handle(Object(Illuminate\\Http\\Request), Object(Closure))
#28 D:\\lizzi\\Documents\\Proyecto desarrollo\\FLORERIABE\\Floreria\\vendor\\laravel\\framework\\src\\Illuminate\\Pipeline\\Pipeline.php(103): Illuminate\\Pipeline\\Pipeline->Illuminate\\Pipeline\\{closure}(Object(Illuminate\\Http\\Request))
#29 D:\\lizzi\\Documents\\Proyecto desarrollo\\FLORERIABE\\Floreria\\vendor\\laravel\\framework\\src\\Illuminate\\Foundation\\Http\\Kernel.php(141): Illuminate\\Pipeline\\Pipeline->then(Object(Closure))
#30 D:\\lizzi\\Documents\\Proyecto desarrollo\\FLORERIABE\\Floreria\\vendor\\laravel\\framework\\src\\Illuminate\\Foundation\\Http\\Kernel.php(110): Illuminate\\Foundation\\Http\\Kernel->sendRequestThroughRouter(Object(Illuminate\\Http\\Request))
#31 D:\\lizzi\\Documents\\Proyecto desarrollo\\FLORERIABE\\Floreria\\public\\index.php(52): Illuminate\\Foundation\\Http\\Kernel->handle(Object(Illuminate\\Http\\Request))
#32 D:\\lizzi\\Documents\\Proyecto desarrollo\\FLORERIABE\\Floreria\\server.php(21): require_once('D:\\\\lizzi\\\\Docume...')
#33 {main}

[previous exception] [object] (ReflectionException(code: -1): Class userController does not exist at D:\\lizzi\\Documents\\Proyecto desarrollo\\FLORERIABE\\Floreria\\vendor\\laravel\\framework\\src\\Illuminate\\Container\\Container.php:830)
[stacktrace]
#0 D:\\lizzi\\Documents\\Proyecto desarrollo\\FLORERIABE\\Floreria\\vendor\\laravel\\framework\\src\\Illuminate\\Container\\Container.php(830): ReflectionClass->__construct('userController')
#1 D:\\lizzi\\Documents\\Proyecto desarrollo\\FLORERIABE\\Floreria\\vendor\\laravel\\framework\\src\\Illuminate\\Container\\Container.php(712): Illuminate\\Container\\Container->build('userController')
#2 D:\\lizzi\\Documents\\Proyecto desarrollo\\FLORERIABE\\Floreria\\vendor\\laravel\\framework\\src\\Illuminate\\Foundation\\Application.php(826): Illuminate\\Container\\Container->resolve('userController', Array, true)
#3 D:\\lizzi\\Documents\\Proyecto desarrollo\\FLORERIABE\\Floreria\\vendor\\laravel\\framework\\src\\Illuminate\\Container\\Container.php(651): Illuminate\\Foundation\\Application->resolve('userController', Array)
#4 D:\\lizzi\\Documents\\Proyecto desarrollo\\FLORERIABE\\Floreria\\vendor\\laravel\\framework\\src\\Illuminate\\Foundation\\Application.php(811): Illuminate\\Container\\Container->make('userController', Array)
#5 D:\\lizzi\\Documents\\Proyecto desarrollo\\FLORERIABE\\Floreria\\vendor\\laravel\\framework\\src\\Illuminate\\Routing\\Route.php(268): Illuminate\\Foundation\\Application->make('userController')
#6 D:\\lizzi\\Documents\\Proyecto desarrollo\\FLORERIABE\\Floreria\\vendor\\laravel\\framework\\src\\Illuminate\\Routing\\Route.php(989): Illuminate\\Routing\\Route->getController()
#7 D:\\lizzi\\Documents\\Proyecto desarrollo\\FLORERIABE\\Floreria\\vendor\\laravel\\framework\\src\\Illuminate\\Routing\\Route.php(950): Illuminate\\Routing\\Route->controllerMiddleware()
#8 D:\\lizzi\\Documents\\Proyecto desarrollo\\FLORERIABE\\Floreria\\vendor\\laravel\\framework\\src\\Illuminate\\Routing\\Router.php(710): Illuminate\\Routing\\Route->gatherMiddleware()
#9 D:\\lizzi\\Documents\\Proyecto desarrollo\\FLORERIABE\\Floreria\\vendor\\laravel\\framework\\src\\Illuminate\\Routing\\Router.php(686): Illuminate\\Routing\\Router->gatherRouteMiddleware(Object(Illuminate\\Routing\\Route))
#10 D:\\lizzi\\Documents\\Proyecto desarrollo\\FLORERIABE\\Floreria\\vendor\\laravel\\framework\\src\\Illuminate\\Routing\\Router.php(670): Illuminate\\Routing\\Router->runRouteWithinStack(Object(Illuminate\\Routing\\Route), Object(Illuminate\\Http\\Request))
#11 D:\\lizzi\\Documents\\Proyecto desarrollo\\FLORERIABE\\Floreria\\vendor\\laravel\\framework\\src\\Illuminate\\Routing\\Router.php(636): Illuminate\\Routing\\Router->runRoute(Object(Illuminate\\Http\\Request), Object(Illuminate\\Routing\\Route))
#12 D:\\lizzi\\Documents\\Proyecto desarrollo\\FLORERIABE\\Floreria\\vendor\\laravel\\framework\\src\\Illuminate\\Routing\\Router.php(625): Illuminate\\Routing\\Router->dispatchToRoute(Object(Illuminate\\Http\\Request))
#13 D:\\lizzi\\Documents\\Proyecto desarrollo\\FLORERIABE\\Floreria\\vendor\\laravel\\framework\\src\\Illuminate\\Foundation\\Http\\Kernel.php(166): Illuminate\\Routing\\Router->dispatch(Object(Illuminate\\Http\\Request))
#14 D:\\lizzi\\Documents\\Proyecto desarrollo\\FLORERIABE\\Floreria\\vendor\\laravel\\framework\\src\\Illuminate\\Pipeline\\Pipeline.php(128): Illuminate\\Foundation\\Http\\Kernel->Illuminate\\Foundation\\Http\\{closure}(Object(Illuminate\\Http\\Request))
#15 D:\\lizzi\\Documents\\Proyecto desarrollo\\FLORERIABE\\Floreria\\app\\Http\\Middleware\\cors.php(19): Illuminate\\Pipeline\\Pipeline->Illuminate\\Pipeline\\{closure}(Object(Illuminate\\Http\\Request))
#16 D:\\lizzi\\Documents\\Proyecto desarrollo\\FLORERIABE\\Floreria\\vendor\\laravel\\framework\\src\\Illuminate\\Pipeline\\Pipeline.php(167): App\\Http\\Middleware\\cors->handle(Object(Illuminate\\Http\\Request), Object(Closure))
#17 D:\\lizzi\\Documents\\Proyecto desarrollo\\FLORERIABE\\Floreria\\vendor\\laravel\\framework\\src\\Illuminate\\Foundation\\Http\\Middleware\\TransformsRequest.php(21): Illuminate\\Pipeline\\Pipeline->Illuminate\\Pipeline\\{closure}(Object(Illuminate\\Http\\Request))
#18 D:\\lizzi\\Documents\\Proyecto desarrollo\\FLORERIABE\\Floreria\\vendor\\laravel\\framework\\src\\Illuminate\\Pipeline\\Pipeline.php(167): Illuminate\\Foundation\\Http\\Middleware\\TransformsRequest->handle(Object(Illuminate\\Http\\Request), Object(Closure))
#19 D:\\lizzi\\Documents\\Proyecto desarrollo\\FLORERIABE\\Floreria\\vendor\\laravel\\framework\\src\\Illuminate\\Foundation\\Http\\Middleware\\TransformsRequest.php(21): Illuminate\\Pipeline\\Pipeline->Illuminate\\Pipeline\\{closure}(Object(Illuminate\\Http\\Request))
#20 D:\\lizzi\\Documents\\Proyecto desarrollo\\FLORERIABE\\Floreria\\vendor\\laravel\\framework\\src\\Illuminate\\Pipeline\\Pipeline.php(167): Illuminate\\Foundation\\Http\\Middleware\\TransformsRequest->handle(Object(Illuminate\\Http\\Request), Object(Closure))
#21 D:\\lizzi\\Documents\\Proyecto desarrollo\\FLORERIABE\\Floreria\\vendor\\laravel\\framework\\src\\Illuminate\\Foundation\\Http\\Middleware\\ValidatePostSize.php(27): Illuminate\\Pipeline\\Pipeline->Illuminate\\Pipeline\\{closure}(Object(Illuminate\\Http\\Request))
#22 D:\\lizzi\\Documents\\Proyecto desarrollo\\FLORERIABE\\Floreria\\vendor\\laravel\\framework\\src\\Illuminate\\Pipeline\\Pipeline.php(167): Illuminate\\Foundation\\Http\\Middleware\\ValidatePostSize->handle(Object(Illuminate\\Http\\Request), Object(Closure))
#23 D:\\lizzi\\Documents\\Proyecto desarrollo\\FLORERIABE\\Floreria\\vendor\\laravel\\framework\\src\\Illuminate\\Foundation\\Http\\Middleware\\PreventRequestsDuringMaintenance.php(86): Illuminate\\Pipeline\\Pipeline->Illuminate\\Pipeline\\{closure}(Object(Illuminate\\Http\\Request))
#24 D:\\lizzi\\Documents\\Proyecto desarrollo\\FLORERIABE\\Floreria\\vendor\\laravel\\framework\\src\\Illuminate\\Pipeline\\Pipeline.php(167): Illuminate\\Foundation\\Http\\Middleware\\PreventRequestsDuringMaintenance->handle(Object(Illuminate\\Http\\Request), Object(Closure))
#25 D:\\lizzi\\Documents\\Proyecto desarrollo\\FLORERIABE\\Floreria\\vendor\\fruitcake\\laravel-cors\\src\\HandleCors.php(57): Illuminate\\Pipeline\\Pipeline->Illuminate\\Pipeline\\{closure}(Object(Illuminate\\Http\\Request))
#26 D:\\lizzi\\Documents\\Proyecto desarrollo\\FLORERIABE\\Floreria\\vendor\\laravel\\framework\\src\\Illuminate\\Pipeline\\Pipeline.php(167): Fruitcake\\Cors\\HandleCors->handle(Object(Illuminate\\Http\\Request), Object(Closure))
#27 D:\\lizzi\\Documents\\Proyecto desarrollo\\FLORERIABE\\Floreria\\vendor\\fideloper\\proxy\\src\\TrustProxies.php(57): Illuminate\\Pipeline\\Pipeline->Illuminate\\Pipeline\\{closure}(Object(Illuminate\\Http\\Request))
#28 D:\\lizzi\\Documents\\Proyecto desarrollo\\FLORERIABE\\Floreria\\vendor\\laravel\\framework\\src\\Illuminate\\Pipeline\\Pipeline.php(167): Fideloper\\Proxy\\TrustProxies->handle(Object(Illuminate\\Http\\Request), Object(Closure))
#29 D:\\lizzi\\Documents\\Proyecto desarrollo\\FLORERIABE\\Floreria\\vendor\\laravel\\framework\\src\\Illuminate\\Pipeline\\Pipeline.php(103): Illuminate\\Pipeline\\Pipeline->Illuminate\\Pipeline\\{closure}(Object(Illuminate\\Http\\Request))
#30 D:\\lizzi\\Documents\\Proyecto desarrollo\\FLORERIABE\\Floreria\\vendor\\laravel\\framework\\src\\Illuminate\\Foundation\\Http\\Kernel.php(141): Illuminate\\Pipeline\\Pipeline->then(Object(Closure))
#31 D:\\lizzi\\Documents\\Proyecto desarrollo\\FLORERIABE\\Floreria\\vendor\\laravel\\framework\\src\\Illuminate\\Foundation\\Http\\Kernel.php(110): Illuminate\\Foundation\\Http\\Kernel->sendRequestThroughRouter(Object(Illuminate\\Http\\Request))
#32 D:\\lizzi\\Documents\\Proyecto desarrollo\\FLORERIABE\\Floreria\\public\\index.php(52): Illuminate\\Foundation\\Http\\Kernel->handle(Object(Illuminate\\Http\\Request))
#33 D:\\lizzi\\Documents\\Proyecto desarrollo\\FLORERIABE\\Floreria\\server.php(21): require_once('D:\\\\lizzi\\\\Docume...')
#34 {main}
"} 
